src/components/Common/OptimizedImage.tsx(44,29): error TS2769: No overload matches this call.
  Overload 1 of 2, '(props: FastImageProps, context?: any): string | number | bigint | boolean | ReactElement<unknown, string | JSXElementConstructor<any>> | ... 4 more ... | undefined', gave the following error.
    Type 'RegisteredStyle<AbsoluteFillStyle>' is not assignable to type 'Falsy | ImageStyle | RecursiveArray<Falsy | ImageStyle> | readonly (Falsy | ImageStyle)[]'.
      Type 'Number & { __registeredStyleBrand: AbsoluteFillStyle; }' is missing the following properties from type 'readonly (Falsy | ImageStyle)[]': length, concat, join, slice, and 20 more.
  Overload 2 of 2, '(props: FastImageProps): string | number | bigint | boolean | ReactElement<unknown, string | JSXElementConstructor<any>> | ... 4 more ... | undefined', gave the following error.
    Type 'RegisteredStyle<AbsoluteFillStyle>' is not assignable to type 'Falsy | ImageStyle | RecursiveArray<Falsy | ImageStyle> | readonly (Falsy | ImageStyle)[]'.
      Type 'Number & { __registeredStyleBrand: AbsoluteFillStyle; }' is missing the following properties from type 'readonly (Falsy | ImageStyle)[]': length, concat, join, slice, and 20 more.
src/components/Profile/ProfileHeader.tsx(5,15): error TS2305: Module '"../../types/user.types"' has no exported member 'User'.
src/components/Restaurant/DishDetailModal.tsx(412,9): error TS1117: An object literal cannot have multiple properties with the same name.
src/components/Restaurant/RestaurantHero.tsx(23,21): error TS2322: Type '{ source: { uri: any; }; style: { width: "100%"; height: "100%"; }; resizeMode: "cover"; sharedTransitionTag: string; }' is not assignable to type 'IntrinsicAttributes & IntrinsicClassAttributes<Component<AnimatedProps<ImageProps>, any, any>> & Readonly<...>'.
  Property 'sharedTransitionTag' does not exist on type 'IntrinsicAttributes & IntrinsicClassAttributes<Component<AnimatedProps<ImageProps>, any, any>> & Readonly<...>'.
src/hooks/useSearch.ts(48,49): error TS2769: No overload matches this call.
  Overload 1 of 6, '(handler: () => void, timeout: number): number', gave the following error.
    Argument of type '(value: unknown) => void' is not assignable to parameter of type '() => void'.
      Target signature provides too few arguments. Expected 1 or more, but got 0.
  Overload 2 of 6, '(handler: () => void, timeout: number): number', gave the following error.
    Argument of type '(value: unknown) => void' is not assignable to parameter of type '() => void'.
      Target signature provides too few arguments. Expected 1 or more, but got 0.
  Overload 3 of 6, '(handler: () => void, timeout: number): number', gave the following error.
    Argument of type '(value: unknown) => void' is not assignable to parameter of type '() => void'.
      Target signature provides too few arguments. Expected 1 or more, but got 0.
src/screens/Address/AddressListScreen.tsx(295,23): error TS2339: Property 'button_medium' does not exist on type '{ display_large: { fontSize: number; lineHeight: number; fontWeight: "700"; letterSpacing: number; }; display_medium: { fontSize: number; lineHeight: number; fontWeight: "700"; letterSpacing: number; }; ... 13 more ...; button_small: { ...; }; }'.
src/screens/Address/AddressListScreen.tsx(320,23): error TS2339: Property 'button_medium' does not exist on type '{ display_large: { fontSize: number; lineHeight: number; fontWeight: "700"; letterSpacing: number; }; display_medium: { fontSize: number; lineHeight: number; fontWeight: "700"; letterSpacing: number; }; ... 13 more ...; button_small: { ...; }; }'.
src/screens/Auth/LoginScreen.tsx(96,25): error TS2322: Type '{ children: string; variant: "primary"; fullWidth: true; loading: boolean; disabled: boolean; onPress: () => Promise<void>; style: { borderRadius: number; }; }' is not assignable to type 'IntrinsicAttributes & ButtonProps'.
  Property 'style' does not exist on type 'IntrinsicAttributes & ButtonProps'.
src/screens/Auth/OnboardingScreen.tsx(6,5): error TS2300: Duplicate identifier 'useAnimatedStyle'.
src/screens/Auth/OnboardingScreen.tsx(7,5): error TS2300: Duplicate identifier 'useAnimatedStyle'.
src/screens/Auth/OnboardingScreen.tsx(135,72): error TS2322: Type '{ children: string; variant: "ghost"; onPress: () => Promise<void>; style: { flex: number; marginRight: number; }; }' is not assignable to type 'IntrinsicAttributes & ButtonProps'.
  Property 'style' does not exist on type 'IntrinsicAttributes & ButtonProps'.
src/screens/Auth/OnboardingScreen.tsx(136,87): error TS2322: Type '{ children: string; variant: "primary"; onPress: () => void; style: { flex: number; }; }' is not assignable to type 'IntrinsicAttributes & ButtonProps'.
  Property 'style' does not exist on type 'IntrinsicAttributes & ButtonProps'.
src/screens/Auth/OnboardingScreen.tsx(139,70): error TS2322: Type '{ children: string; variant: "primary"; onPress: () => Promise<void>; style: { width: string; }; }' is not assignable to type 'IntrinsicAttributes & ButtonProps'.
  Property 'style' does not exist on type 'IntrinsicAttributes & ButtonProps'.
src/screens/Auth/OTPVerificationScreen.tsx(157,33): error TS2322: Type '{ title: string; loading: true; variant: "ghost"; }' is not assignable to type 'IntrinsicAttributes & ButtonProps'.
  Property 'title' does not exist on type 'IntrinsicAttributes & ButtonProps'.
src/screens/Order/ActiveOrderScreen.tsx(409,23): error TS2339: Property 'button_medium' does not exist on type '{ display_large: { fontSize: number; lineHeight: number; fontWeight: "700"; letterSpacing: number; }; display_medium: { fontSize: number; lineHeight: number; fontWeight: "700"; letterSpacing: number; }; ... 13 more ...; button_small: { ...; }; }'.
src/screens/Order/OrderHistoryScreen.tsx(277,23): error TS2339: Property 'h5' does not exist on type '{ display_large: { fontSize: number; lineHeight: number; fontWeight: "700"; letterSpacing: number; }; display_medium: { fontSize: number; lineHeight: number; fontWeight: "700"; letterSpacing: number; }; ... 13 more ...; button_small: { ...; }; }'.
src/screens/Payment/PaymentScreen.tsx(9,10): error TS2614: Module '"../../store/slices/orderSlice"' has no exported member 'createOrder'. Did you mean to use 'import createOrder from "../../store/slices/orderSlice"' instead?
src/screens/Profile/EditProfileScreen.tsx(125,23): error TS2339: Property 'wrapper_small' does not exist on type '{ display_large: { fontSize: number; lineHeight: number; fontWeight: "700"; letterSpacing: number; }; display_medium: { fontSize: number; lineHeight: number; fontWeight: "700"; letterSpacing: number; }; ... 13 more ...; button_small: { ...; }; }'.
