src/components/Common/OptimizedImage.tsx(44,29): error TS2769: No overload matches this call.
  Overload 1 of 2, '(props: FastImageProps, context?: any): string | number | bigint | boolean | ReactElement<unknown, string | JSXElementConstructor<any>> | ... 4 more ... | undefined', gave the following error.
    Type 'RegisteredStyle<AbsoluteFillStyle>' is not assignable to type 'Falsy | ImageStyle | RecursiveArray<Falsy | ImageStyle> | readonly (Falsy | ImageStyle)[]'.
      Type 'Number & { __registeredStyleBrand: AbsoluteFillStyle; }' is missing the following properties from type 'readonly (Falsy | ImageStyle)[]': length, concat, join, slice, and 20 more.
  Overload 2 of 2, '(props: FastImageProps): string | number | bigint | boolean | ReactElement<unknown, string | JSXElementConstructor<any>> | ... 4 more ... | undefined', gave the following error.
    Type 'RegisteredStyle<AbsoluteFillStyle>' is not assignable to type 'Falsy | ImageStyle | RecursiveArray<Falsy | ImageStyle> | readonly (Falsy | ImageStyle)[]'.
      Type 'Number & { __registeredStyleBrand: AbsoluteFillStyle; }' is missing the following properties from type 'readonly (Falsy | ImageStyle)[]': length, concat, join, slice, and 20 more.
src/components/Home/HomeHeader.tsx(7,10): error TS2304: Cannot find name 'View'.
src/components/Home/HomeHeader.tsx(9,14): error TS2304: Cannot find name 'View'.
src/components/Home/HomeHeader.tsx(10,18): error TS2304: Cannot find name 'View'.
src/components/Home/HomeHeader.tsx(11,22): error TS2304: Cannot find name 'MapPin'.
src/components/Home/HomeHeader.tsx(12,22): error TS2304: Cannot find name 'View'.
src/components/Home/HomeHeader.tsx(13,26): error TS2693: 'Text' only refers to a type, but is being used as a value here.
src/components/Home/HomeHeader.tsx(13,66): error TS2693: 'Text' only refers to a type, but is being used as a value here.
src/components/Home/HomeHeader.tsx(14,26): error TS2693: 'Text' only refers to a type, but is being used as a value here.
src/components/Home/HomeHeader.tsx(16,27): error TS2693: 'Text' only refers to a type, but is being used as a value here.
src/components/Home/HomeHeader.tsx(17,23): error TS2304: Cannot find name 'View'.
src/components/Home/HomeHeader.tsx(18,19): error TS2304: Cannot find name 'View'.
src/components/Home/HomeHeader.tsx(20,18): error TS2304: Cannot find name 'View'.
src/components/Home/HomeHeader.tsx(21,22): error TS2304: Cannot find name 'TouchableOpacity'.
src/components/Home/HomeHeader.tsx(22,26): error TS2304: Cannot find name 'Bell'.
src/components/Home/HomeHeader.tsx(23,26): error TS2304: Cannot find name 'View'.
src/components/Home/HomeHeader.tsx(24,23): error TS2304: Cannot find name 'TouchableOpacity'.
src/components/Home/HomeHeader.tsx(25,22): error TS2304: Cannot find name 'TouchableOpacity'.
src/components/Home/HomeHeader.tsx(26,26): error TS2304: Cannot find name 'User'.
src/components/Home/HomeHeader.tsx(27,23): error TS2304: Cannot find name 'TouchableOpacity'.
src/components/Home/HomeHeader.tsx(28,19): error TS2304: Cannot find name 'View'.
src/components/Home/HomeHeader.tsx(29,15): error TS2304: Cannot find name 'View'.
src/components/Home/HomeHeader.tsx(32,14): error TS2304: Cannot find name 'TouchableOpacity'.
src/components/Home/HomeHeader.tsx(37,18): error TS2304: Cannot find name 'Search'.
src/components/Home/HomeHeader.tsx(38,18): error TS2693: 'Text' only refers to a type, but is being used as a value here.
src/components/Home/HomeHeader.tsx(38,89): error TS2693: 'Text' only refers to a type, but is being used as a value here.
src/components/Home/HomeHeader.tsx(39,15): error TS2304: Cannot find name 'TouchableOpacity'.
src/components/Home/HomeHeader.tsx(40,11): error TS2304: Cannot find name 'View'.
src/components/Home/HomeHeader.tsx(44,16): error TS2304: Cannot find name 'StyleSheet'.
src/components/Profile/ProfileHeader.tsx(5,15): error TS2305: Module '"../../types/user.types"' has no exported member 'User'.
src/components/Restaurant/DishDetailModal.tsx(412,9): error TS1117: An object literal cannot have multiple properties with the same name.
src/components/Restaurant/RestaurantHero.tsx(23,21): error TS2322: Type '{ source: { uri: any; }; style: { width: "100%"; height: "100%"; }; resizeMode: "cover"; sharedTransitionTag: string; }' is not assignable to type 'IntrinsicAttributes & IntrinsicClassAttributes<Component<AnimatedProps<ImageProps>, any, any>> & Readonly<...>'.
  Property 'sharedTransitionTag' does not exist on type 'IntrinsicAttributes & IntrinsicClassAttributes<Component<AnimatedProps<ImageProps>, any, any>> & Readonly<...>'.
src/hooks/useSearch.ts(48,49): error TS2769: No overload matches this call.
  Overload 1 of 6, '(handler: () => void, timeout: number): number', gave the following error.
    Argument of type '(value: unknown) => void' is not assignable to parameter of type '() => void'.
      Target signature provides too few arguments. Expected 1 or more, but got 0.
  Overload 2 of 6, '(handler: () => void, timeout: number): number', gave the following error.
    Argument of type '(value: unknown) => void' is not assignable to parameter of type '() => void'.
      Target signature provides too few arguments. Expected 1 or more, but got 0.
  Overload 3 of 6, '(handler: () => void, timeout: number): number', gave the following error.
    Argument of type '(value: unknown) => void' is not assignable to parameter of type '() => void'.
      Target signature provides too few arguments. Expected 1 or more, but got 0.
src/navigation/TabNavigator.tsx(21,26): error TS2307: Cannot find module '../screens/Dining/DiningScreen' or its corresponding type declarations.
src/screens/Address/AddressListScreen.tsx(295,23): error TS2339: Property 'button_medium' does not exist on type '{ display_large: { fontSize: number; lineHeight: number; fontWeight: "700"; letterSpacing: number; }; display_medium: { fontSize: number; lineHeight: number; fontWeight: "700"; letterSpacing: number; }; ... 13 more ...; button_small: { ...; }; }'.
src/screens/Address/AddressListScreen.tsx(320,23): error TS2339: Property 'button_medium' does not exist on type '{ display_large: { fontSize: number; lineHeight: number; fontWeight: "700"; letterSpacing: number; }; display_medium: { fontSize: number; lineHeight: number; fontWeight: "700"; letterSpacing: number; }; ... 13 more ...; button_small: { ...; }; }'.
src/screens/Auth/LoginScreen.tsx(96,25): error TS2322: Type '{ variant: "primary"; fullWidth: true; loading: boolean; disabled: boolean; onPress: () => Promise<void>; title: string; style: { borderRadius: number; }; }' is not assignable to type 'IntrinsicAttributes & ButtonProps'.
  Property 'title' does not exist on type 'IntrinsicAttributes & ButtonProps'.
src/screens/Auth/OnboardingScreen.tsx(45,79): error TS2694: Namespace '"/Users/arshverma/GitHub/Zomato/zomato-ecosystem/apps/zomato-customer-app/node_modules/react-native-reanimated/lib/typescript/Animated"' has no exported member 'SharedValue'.
src/screens/Auth/OnboardingScreen.tsx(134,33): error TS2322: Type '{ title: string; variant: "ghost"; onPress: () => Promise<void>; style: { flex: number; marginRight: number; }; }' is not assignable to type 'IntrinsicAttributes & ButtonProps'.
  Property 'title' does not exist on type 'IntrinsicAttributes & ButtonProps'.
src/screens/Auth/OnboardingScreen.tsx(135,33): error TS2322: Type '{ title: string; variant: "primary"; onPress: () => void; style: { flex: number; }; }' is not assignable to type 'IntrinsicAttributes & ButtonProps'.
  Property 'title' does not exist on type 'IntrinsicAttributes & ButtonProps'.
src/screens/Auth/OnboardingScreen.tsx(138,29): error TS2322: Type '{ title: string; variant: "primary"; onPress: () => Promise<void>; style: { width: string; }; }' is not assignable to type 'IntrinsicAttributes & ButtonProps'.
  Property 'title' does not exist on type 'IntrinsicAttributes & ButtonProps'.
src/screens/Auth/OTPVerificationScreen.tsx(32,23): error TS2503: Cannot find namespace 'NodeJS'.
src/screens/Auth/OTPVerificationScreen.tsx(130,29): error TS2769: No overload matches this call.
  Overload 1 of 2, '(props: TextInputProps): TextInput', gave the following error.
    Type '(ref: TextInput | null) => TextInput | null' is not assignable to type 'Ref<TextInput> | undefined'.
      Type '(ref: TextInput | null) => TextInput | null' is not assignable to type '(instance: TextInput | null) => void | (() => VoidOrUndefinedOnly)'.
        Type 'TextInput | null' is not assignable to type 'void | (() => VoidOrUndefinedOnly)'.
          Type 'null' is not assignable to type 'void | (() => VoidOrUndefinedOnly)'.
  Overload 2 of 2, '(props: TextInputProps, context: any): TextInput', gave the following error.
    Type '(ref: TextInput | null) => TextInput | null' is not assignable to type 'Ref<TextInput> | undefined'.
      Type '(ref: TextInput | null) => TextInput | null' is not assignable to type '(instance: TextInput | null) => void | (() => VoidOrUndefinedOnly)'.
        Type 'TextInput | null' is not assignable to type 'void | (() => VoidOrUndefinedOnly)'.
          Type 'null' is not assignable to type 'void | (() => VoidOrUndefinedOnly)'.
src/screens/Auth/OTPVerificationScreen.tsx(157,33): error TS2322: Type '{ title: string; loading: true; variant: "ghost"; }' is not assignable to type 'IntrinsicAttributes & ButtonProps'.
  Property 'title' does not exist on type 'IntrinsicAttributes & ButtonProps'.
src/screens/Auth/SplashScreen.tsx(85,18): error TS2693: 'Text' only refers to a type, but is being used as a value here.
src/screens/Auth/SplashScreen.tsx(85,56): error TS2693: 'Text' only refers to a type, but is being used as a value here.
src/screens/Order/ActiveOrderScreen.tsx(409,23): error TS2339: Property 'button_medium' does not exist on type '{ display_large: { fontSize: number; lineHeight: number; fontWeight: "700"; letterSpacing: number; }; display_medium: { fontSize: number; lineHeight: number; fontWeight: "700"; letterSpacing: number; }; ... 13 more ...; button_small: { ...; }; }'.
src/screens/Order/OrderHistoryScreen.tsx(277,23): error TS2339: Property 'h5' does not exist on type '{ display_large: { fontSize: number; lineHeight: number; fontWeight: "700"; letterSpacing: number; }; display_medium: { fontSize: number; lineHeight: number; fontWeight: "700"; letterSpacing: number; }; ... 13 more ...; button_small: { ...; }; }'.
src/screens/Payment/PaymentScreen.tsx(9,10): error TS2614: Module '"../../store/slices/orderSlice"' has no exported member 'createOrder'. Did you mean to use 'import createOrder from "../../store/slices/orderSlice"' instead?
src/screens/Profile/EditProfileScreen.tsx(125,23): error TS2339: Property 'wrapper_small' does not exist on type '{ display_large: { fontSize: number; lineHeight: number; fontWeight: "700"; letterSpacing: number; }; display_medium: { fontSize: number; lineHeight: number; fontWeight: "700"; letterSpacing: number; }; ... 13 more ...; button_small: { ...; }; }'.
src/services/chat.service.ts(11,75): error TS2769: No overload matches this call.
  Overload 1 of 6, '(handler: () => void, timeout: number): number', gave the following error.
    Argument of type '(value: unknown) => void' is not assignable to parameter of type '() => void'.
      Target signature provides too few arguments. Expected 1 or more, but got 0.
  Overload 2 of 6, '(handler: () => void, timeout: number): number', gave the following error.
    Argument of type '(value: unknown) => void' is not assignable to parameter of type '() => void'.
      Target signature provides too few arguments. Expected 1 or more, but got 0.
  Overload 3 of 6, '(handler: () => void, timeout: number): number', gave the following error.
    Argument of type '(value: unknown) => void' is not assignable to parameter of type '() => void'.
      Target signature provides too few arguments. Expected 1 or more, but got 0.
src/services/home.service.ts(4,49): error TS2769: No overload matches this call.
  Overload 1 of 6, '(handler: () => void, timeout: number): number', gave the following error.
    Argument of type '(value: unknown) => void' is not assignable to parameter of type '() => void'.
      Target signature provides too few arguments. Expected 1 or more, but got 0.
  Overload 2 of 6, '(handler: () => void, timeout: number): number', gave the following error.
    Argument of type '(value: unknown) => void' is not assignable to parameter of type '() => void'.
      Target signature provides too few arguments. Expected 1 or more, but got 0.
  Overload 3 of 6, '(handler: () => void, timeout: number): number', gave the following error.
    Argument of type '(value: unknown) => void' is not assignable to parameter of type '() => void'.
      Target signature provides too few arguments. Expected 1 or more, but got 0.
